<?xml version="1.0" encoding="UTF-8"?>
<coverage generated="1660537842418" clover="3.2.0">
  <project timestamp="1660537842418" name="All files">
    <metrics statements="7" coveredstatements="7" conditionals="2" coveredconditionals="2" methods="1" coveredmethods="1" elements="10" coveredelements="10" complexity="0" loc="7" ncloc="7" packages="1" files="1" classes="1"/>
    <file name="sum.js" path="D:\JCWD\fundamental\day14\sum.js">
      <metrics statements="7" coveredstatements="7" conditionals="2" coveredconditionals="2" methods="1" coveredmethods="1"/>
      <line num="17" count="1" type="stmt"/>
      <line num="18" count="6" type="stmt"/>
      <line num="20" count="6" type="stmt"/>
      <line num="21" count="41" type="cond" truecount="2" falsecount="0"/>
      <line num="23" count="6" type="stmt"/>
      <line num="26" count="1" type="stmt"/>
      <line num="27" count="1" type="stmt"/>
    </file>
  </project>
</coverage>
