{"D:\\JCWD\\fundamental\\day14\\sum.js": {"path":"D:\\JCWD\\fundamental\\day14\\sum.js","statementMap":{"0":{"start":{"line":17,"column":15},"end":{"line":24,"column":1}},"1":{"start":{"line":18,"column":16},"end":{"line":18,"column":18}},"2":{"start":{"line":20,"column":2},"end":{"line":22,"column":3}},"3":{"start":{"line":20,"column":15},"end":{"line":20,"column":16}},"4":{"start":{"line":21,"column":4},"end":{"line":21,"column":44}},"5":{"start":{"line":21,"column":26},"end":{"line":21,"column":44}},"6":{"start":{"line":23,"column":2},"end":{"line":23,"column":14}},"7":{"start":{"line":26,"column":0},"end":{"line":26,"column":45}},"8":{"start":{"line":27,"column":0},"end":{"line":27,"column":23}}},"fnMap":{"0":{"name":"(anonymous_0)","decl":{"start":{"line":17,"column":15},"end":{"line":17,"column":16}},"loc":{"start":{"line":17,"column":24},"end":{"line":24,"column":1}},"line":17}},"branchMap":{"0":{"loc":{"start":{"line":21,"column":4},"end":{"line":21,"column":44}},"type":"if","locations":[{"start":{"line":21,"column":4},"end":{"line":21,"column":44}},{"start":{},"end":{}}],"line":21}},"s":{"0":1,"1":6,"2":6,"3":6,"4":41,"5":17,"6":6,"7":1,"8":1},"f":{"0":6},"b":{"0":[17,24]},"_coverageSchema":"1a1c01bbd47fc00a2c39e90264f33305004495a9","hash":"33f3199865c3b5043af6571801af36f4b1f38499"}
}
